2020-10-22 09:11:09.027  INFO 13932 --- [main] tn.esprit.spring.DemoApplicationTests    : Starting DemoApplicationTests on DESKTOP-K23G69U with PID 13932 (started by PC in C:\Work\sts_bundle\demo)
2020-10-22 09:11:09.251  INFO 13932 --- [main] tn.esprit.spring.DemoApplicationTests    : No active profile set, falling back to default profiles: default
2020-10-22 09:11:12.206  INFO 13932 --- [main] .s.d.r.c.RepositoryConfigurationDelegate : Bootstrapping Spring Data JPA repositories in DEFAULT mode.
2020-10-22 09:11:12.407  INFO 13932 --- [main] .s.d.r.c.RepositoryConfigurationDelegate : Finished Spring Data repository scanning in 181ms. Found 2 JPA repository interfaces.
2020-10-22 09:11:13.482  INFO 13932 --- [main] trationDelegate$BeanPostProcessorChecker : Bean 'org.springframework.transaction.annotation.ProxyTransactionManagementConfiguration' of type [org.springframework.transaction.annotation.ProxyTransactionManagementConfiguration] is not eligible for getting processed by all BeanPostProcessors (for example: not eligible for auto-proxying)
2020-10-22 09:11:14.381  INFO 13932 --- [main] o.hibernate.jpa.internal.util.LogHelper  : HHH000204: Processing PersistenceUnitInfo [name: default]
2020-10-22 09:11:14.736  INFO 13932 --- [main] org.hibernate.Version                    : HHH000412: Hibernate Core {5.4.10.Final}
2020-10-22 09:11:15.507  INFO 13932 --- [main] o.hibernate.annotations.common.Version   : HCANN000001: Hibernate Commons Annotations {5.1.0.Final}
2020-10-22 09:11:18.389  INFO 13932 --- [main] com.zaxxer.hikari.HikariDataSource       : HikariPool-1 - Starting...
2020-10-22 09:11:19.759  INFO 13932 --- [main] com.zaxxer.hikari.HikariDataSource       : HikariPool-1 - Start completed.
2020-10-22 09:11:19.890  INFO 13932 --- [main] org.hibernate.dialect.Dialect            : HHH000400: Using dialect: org.hibernate.dialect.MySQL5InnoDBDialect
2020-10-22 09:11:21.426  INFO 13932 --- [main] org.hibernate.tuple.PojoInstantiator     : HHH000182: No default (no-argument) constructor for class: tn.esprit.spring.entity.FormationDetail (class must be instantiated by Interceptor)
2020-10-22 09:11:22.169  INFO 13932 --- [main] org.hibernate.tuple.PojoInstantiator     : HHH000182: No default (no-argument) constructor for class: tn.esprit.spring.entity.Formation (class must be instantiated by Interceptor)
2020-10-22 09:11:22.280  INFO 13932 --- [main] org.hibernate.tuple.PojoInstantiator     : HHH000182: No default (no-argument) constructor for class: tn.esprit.spring.entity.TravauxPratiques (class must be instantiated by Interceptor)
2020-10-22 09:11:22.334  INFO 13932 --- [main] org.hibernate.tuple.PojoInstantiator     : HHH000182: No default (no-argument) constructor for class: tn.esprit.spring.entity.TpCorrection (class must be instantiated by Interceptor)
2020-10-22 09:11:23.841  INFO 13932 --- [main] o.h.e.t.j.p.i.JtaPlatformInitiator       : HHH000490: Using JtaPlatform implementation: [org.hibernate.engine.transaction.jta.platform.internal.NoJtaPlatform]
2020-10-22 09:11:23.861  INFO 13932 --- [main] j.LocalContainerEntityManagerFactoryBean : Initialized JPA EntityManagerFactory for persistence unit 'default'
2020-10-22 09:11:26.371  WARN 13932 --- [main] JpaBaseConfiguration$JpaWebConfiguration : spring.jpa.open-in-view is enabled by default. Therefore, database queries may be performed during view rendering. Explicitly configure spring.jpa.open-in-view to disable this warning
2020-10-22 09:11:27.124  INFO 13932 --- [main] o.s.s.concurrent.ThreadPoolTaskExecutor  : Initializing ExecutorService 'applicationTaskExecutor'
2020-10-22 09:11:27.969  INFO 13932 --- [main] tn.esprit.spring.DemoApplicationTests    : Started DemoApplicationTests in 20.471 seconds (JVM running for 26.202)
2020-10-22 09:11:29.372  INFO 13932 --- [main] t.esprit.spring.service.UserServiceImpl  : user +++ :User [id=2, Firstname=ppp, LastName=uu, datenaissance=2014-12-28, role=admin]
2020-10-22 09:11:29.372  INFO 13932 --- [main] t.esprit.spring.service.UserServiceImpl  : user +++ :User [id=3, Firstname=takwa, LastName=tttyyy, datenaissance=2020-02-04, role=admin]
2020-10-22 09:11:29.374  INFO 13932 --- [main] t.esprit.spring.service.UserServiceImpl  : user +++ :User [id=5, Firstname=takwa, LastName=ahla, datenaissance=2020-02-04, role=admin]
2020-10-22 09:11:29.374  INFO 13932 --- [main] t.esprit.spring.service.UserServiceImpl  : user +++ :User [id=6, Firstname=ta, LastName=updated, datenaissance=2019-02-04, role=admin]
2020-10-22 09:11:29.374  INFO 13932 --- [main] t.esprit.spring.service.UserServiceImpl  : user +++ :User [id=7, Firstname=ppp, LastName=null, datenaissance=2020-01-12, role=null]
2020-10-22 09:11:29.374  INFO 13932 --- [main] t.esprit.spring.service.UserServiceImpl  : user +++ :User [id=8, Firstname=updatedppp, LastName=null, datenaissance=2020-01-12, role=null]
2020-10-22 09:11:29.374  INFO 13932 --- [main] t.esprit.spring.service.UserServiceImpl  : user +++ :User [id=9, Firstname=tyy, LastName=taj, datenaissance=null, role=admin]
2020-10-22 09:11:29.374  INFO 13932 --- [main] t.esprit.spring.service.UserServiceImpl  : user +++ :User [id=10, Firstname=tyy, LastName=taj, datenaissance=3920-01-31, role=admin]
2020-10-22 09:11:29.374  INFO 13932 --- [main] t.esprit.spring.service.UserServiceImpl  : user +++ :User [id=11, Firstname=tyy, LastName=taj, datenaissance=3920-01-31, role=admin]
2020-10-22 09:11:29.374  INFO 13932 --- [main] t.esprit.spring.service.UserServiceImpl  : user +++ :User [id=12, Firstname=tyy, LastName=taj, datenaissance=1906-08-12, role=admin]
2020-10-22 09:11:29.374  INFO 13932 --- [main] t.esprit.spring.service.UserServiceImpl  : user +++ :User [id=13, Firstname=tyy, LastName=taj, datenaissance=2020-02-25, role=admin]
2020-10-22 09:11:29.436  INFO 13932 --- [SpringContextShutdownHook] o.s.s.concurrent.ThreadPoolTaskExecutor  : Shutting down ExecutorService 'applicationTaskExecutor'
2020-10-22 09:11:29.437  INFO 13932 --- [SpringContextShutdownHook] j.LocalContainerEntityManagerFactoryBean : Closing JPA EntityManagerFactory for persistence unit 'default'
2020-10-22 09:11:29.440  INFO 13932 --- [SpringContextShutdownHook] com.zaxxer.hikari.HikariDataSource       : HikariPool-1 - Shutdown initiated...
2020-10-22 09:11:29.563  INFO 13932 --- [SpringContextShutdownHook] com.zaxxer.hikari.HikariDataSource       : HikariPool-1 - Shutdown completed.
